c:\users\ymaha\dropbox\projects\cs 213 project\passwordmanager\passwordmanager\x64\debug\vc141.pdb
c:\users\ymaha\dropbox\projects\cs 213 project\passwordmanager\passwordmanager\x64\debug\.netframework,version=v4.5.2.assemblyattributes.obj
c:\users\ymaha\dropbox\projects\cs 213 project\passwordmanager\passwordmanager\x64\debug\.netframework,version=v4.5.2.assemblyattributes.asm
c:\users\ymaha\dropbox\projects\cs 213 project\passwordmanager\passwordmanager\x64\debug\compressedsuffixtrie.obj
c:\users\ymaha\dropbox\projects\cs 213 project\passwordmanager\passwordmanager\x64\debug\passwordmanager.obj
c:\users\ymaha\dropbox\projects\cs 213 project\passwordmanager\passwordmanager\x64\debug\main.obj
c:\users\ymaha\dropbox\projects\cs 213 project\passwordmanager\passwordmanager\x64\debug\sha256.obj
c:\users\ymaha\dropbox\projects\cs 213 project\passwordmanager\passwordmanager\x64\debug\rijndael_gf.obj
c:\users\ymaha\dropbox\projects\cs 213 project\passwordmanager\passwordmanager\x64\debug\aes.obj
c:\users\ymaha\dropbox\projects\cs 213 project\passwordmanager\x64\debug\passwordmanager.exe
c:\users\ymaha\dropbox\projects\cs 213 project\passwordmanager\x64\debug\passwordmanager.pdb
c:\users\ymaha\dropbox\projects\cs 213 project\passwordmanager\passwordmanager\x64\debug\passwordmanager.passwordmanager.resources
c:\users\ymaha\dropbox\projects\cs 213 project\passwordmanager\passwordmanager\x64\debug\passwordmanager.vcxproj.generateresource.cache
c:\users\ymaha\dropbox\projects\cs 213 project\passwordmanager\passwordmanager\x64\debug\passwordmanager.vcxprojresolveassemblyreference.cache
c:\users\ymaha\dropbox\projects\cs 213 project\passwordmanager\passwordmanager\x64\debug\passwordmanager.tlog\cl.command.1.tlog
c:\users\ymaha\dropbox\projects\cs 213 project\passwordmanager\passwordmanager\x64\debug\passwordmanager.tlog\cl.read.1.tlog
c:\users\ymaha\dropbox\projects\cs 213 project\passwordmanager\passwordmanager\x64\debug\passwordmanager.tlog\cl.write.1.tlog
c:\users\ymaha\dropbox\projects\cs 213 project\passwordmanager\passwordmanager\x64\debug\passwordmanager.tlog\link.command.1.tlog
c:\users\ymaha\dropbox\projects\cs 213 project\passwordmanager\passwordmanager\x64\debug\passwordmanager.tlog\link.read.1.tlog
c:\users\ymaha\dropbox\projects\cs 213 project\passwordmanager\passwordmanager\x64\debug\passwordmanager.tlog\link.write.1.tlog
c:\users\ymaha\dropbox\projects\cs 213 project\passwordmanager\passwordmanager\x64\debug\passwordmanager.tlog\metagen.read.1.tlog
c:\users\ymaha\dropbox\projects\cs 213 project\passwordmanager\passwordmanager\x64\debug\passwordmanager.tlog\metagen.write.1.tlog
c:\users\ymaha\dropbox\projects\cs 213 project\passwordmanager\passwordmanager\x64\debug\passwordmanager.tlog\passwordmanager.write.1u.tlog
c:\users\ymaha\dropbox\projects\cs 213 project\passwordmanager\passwordmanager\x64\debug\passwordmanager.tlog\tzres.dll.bi
