  PasswordManager.cpp
e:\dropbox\projects\cs 213 project\passwordmanager\passwordmanager\PasswordManager.h(46): warning C4244: 'argument': conversion from 'time_t' to 'unsigned int', possible loss of data
PasswordManager.cpp(21): warning C4244: 'argument': conversion from 'time_t' to 'unsigned int', possible loss of data
PasswordManager.cpp(52): warning C4018: '<': signed/unsigned mismatch
PasswordManager.cpp(57): warning C4018: '<': signed/unsigned mismatch
PasswordManager.cpp(104): warning C4267: 'argument': conversion from 'size_t' to 'int', possible loss of data
PasswordManager.cpp(109): warning C4267: 'argument': conversion from 'size_t' to 'int', possible loss of data
PasswordManager.cpp(106): warning C4996: 'strncpy': This function or variable may be unsafe. Consider using strncpy_s instead. To disable deprecation, use _CRT_SECURE_NO_WARNINGS. See online help for details.
  C:\Program Files (x86)\Windows Kits\10\Include\10.0.15063.0\ucrt\string.h(343): note: see declaration of 'strncpy'
PasswordManager.cpp(135): warning C4267: 'argument': conversion from 'size_t' to 'int', possible loss of data
PasswordManager.cpp(136): warning C4267: 'argument': conversion from 'size_t' to 'int', possible loss of data
PasswordManager.cpp(142): warning C4244: 'initializing': conversion from '__int64' to 'int', possible loss of data
PasswordManager.cpp(155): warning C4996: 'strncpy': This function or variable may be unsafe. Consider using strncpy_s instead. To disable deprecation, use _CRT_SECURE_NO_WARNINGS. See online help for details.
  C:\Program Files (x86)\Windows Kits\10\Include\10.0.15063.0\ucrt\string.h(343): note: see declaration of 'strncpy'
PasswordManager.cpp(204): warning C4267: 'argument': conversion from 'size_t' to 'int', possible loss of data
PasswordManager.cpp(205): warning C4267: 'argument': conversion from 'size_t' to 'int', possible loss of data
PasswordManager.cpp(215): warning C4244: 'initializing': conversion from '__int64' to 'int', possible loss of data
PasswordManager.cpp(217): warning C4996: 'strncpy': This function or variable may be unsafe. Consider using strncpy_s instead. To disable deprecation, use _CRT_SECURE_NO_WARNINGS. See online help for details.
  C:\Program Files (x86)\Windows Kits\10\Include\10.0.15063.0\ucrt\string.h(343): note: see declaration of 'strncpy'
PasswordManager.cpp(227): warning C4996: 'strncpy': This function or variable may be unsafe. Consider using strncpy_s instead. To disable deprecation, use _CRT_SECURE_NO_WARNINGS. See online help for details.
  C:\Program Files (x86)\Windows Kits\10\Include\10.0.15063.0\ucrt\string.h(343): note: see declaration of 'strncpy'
PasswordManager.cpp(228): warning C4996: 'strncpy': This function or variable may be unsafe. Consider using strncpy_s instead. To disable deprecation, use _CRT_SECURE_NO_WARNINGS. See online help for details.
  C:\Program Files (x86)\Windows Kits\10\Include\10.0.15063.0\ucrt\string.h(343): note: see declaration of 'strncpy'
PasswordManager.cpp(202): warning C4101: 'IV': unreferenced local variable
PasswordManager.cpp(286): warning C4267: 'initializing': conversion from 'size_t' to 'int', possible loss of data
PasswordManager.cpp(391): warning C4267: 'argument': conversion from 'size_t' to 'int', possible loss of data
PasswordManager.cpp(395): warning C4267: 'argument': conversion from 'size_t' to 'int', possible loss of data
PasswordManager.cpp(394): warning C4996: 'strncpy': This function or variable may be unsafe. Consider using strncpy_s instead. To disable deprecation, use _CRT_SECURE_NO_WARNINGS. See online help for details.
  C:\Program Files (x86)\Windows Kits\10\Include\10.0.15063.0\ucrt\string.h(343): note: see declaration of 'strncpy'
PasswordManager.cpp(463): warning C4996: 'strncpy': This function or variable may be unsafe. Consider using strncpy_s instead. To disable deprecation, use _CRT_SECURE_NO_WARNINGS. See online help for details.
  C:\Program Files (x86)\Windows Kits\10\Include\10.0.15063.0\ucrt\string.h(343): note: see declaration of 'strncpy'
  PasswordManager.vcxproj -> E:\Dropbox\Projects\CS 213 Project\PasswordManager\x64\Debug\PasswordManager.exe
