e:\dropbox\projects\cs 213 project\passwordmanager\passwordmanager\x64\release\vc141.pdb
e:\dropbox\projects\cs 213 project\passwordmanager\passwordmanager\x64\release\.netframework,version=v4.5.2.assemblyattributes.obj
e:\dropbox\projects\cs 213 project\passwordmanager\passwordmanager\x64\release\.netframework,version=v4.5.2.assemblyattributes.asm
e:\dropbox\projects\cs 213 project\passwordmanager\passwordmanager\x64\release\compressedsuffixtrie.obj
e:\dropbox\projects\cs 213 project\passwordmanager\passwordmanager\x64\release\passwordmanager.obj
e:\dropbox\projects\cs 213 project\passwordmanager\passwordmanager\x64\release\main.obj
e:\dropbox\projects\cs 213 project\passwordmanager\passwordmanager\x64\release\sha256.obj
e:\dropbox\projects\cs 213 project\passwordmanager\passwordmanager\x64\release\rijndael_gf.obj
e:\dropbox\projects\cs 213 project\passwordmanager\passwordmanager\x64\release\aes.obj
e:\dropbox\projects\cs 213 project\passwordmanager\passwordmanager\x64\release\passwordmanager.passwordmanager.resources
e:\dropbox\projects\cs 213 project\passwordmanager\passwordmanager\x64\release\passwordmanager.vcxproj.generateresource.cache
e:\dropbox\projects\cs 213 project\passwordmanager\passwordmanager\x64\release\passwordmanager.vcxprojresolveassemblyreference.cache
e:\dropbox\projects\cs 213 project\passwordmanager\x64\release\passwordmanager.pdb
e:\dropbox\projects\cs 213 project\passwordmanager\passwordmanager\x64\release\passwordmanager.tlog\cl.command.1.tlog
e:\dropbox\projects\cs 213 project\passwordmanager\passwordmanager\x64\release\passwordmanager.tlog\cl.read.1.tlog
e:\dropbox\projects\cs 213 project\passwordmanager\passwordmanager\x64\release\passwordmanager.tlog\cl.write.1.tlog
e:\dropbox\projects\cs 213 project\passwordmanager\passwordmanager\x64\release\passwordmanager.tlog\link-cvtres.read.1.tlog
e:\dropbox\projects\cs 213 project\passwordmanager\passwordmanager\x64\release\passwordmanager.tlog\link-cvtres.write.1.tlog
e:\dropbox\projects\cs 213 project\passwordmanager\passwordmanager\x64\release\passwordmanager.tlog\link-rc.read.1.tlog
e:\dropbox\projects\cs 213 project\passwordmanager\passwordmanager\x64\release\passwordmanager.tlog\link-rc.write.1.tlog
e:\dropbox\projects\cs 213 project\passwordmanager\passwordmanager\x64\release\passwordmanager.tlog\link.command.1.tlog
e:\dropbox\projects\cs 213 project\passwordmanager\passwordmanager\x64\release\passwordmanager.tlog\link.read.1.tlog
e:\dropbox\projects\cs 213 project\passwordmanager\passwordmanager\x64\release\passwordmanager.tlog\link.write.1.tlog
e:\dropbox\projects\cs 213 project\passwordmanager\passwordmanager\x64\release\passwordmanager.tlog\metagen.read.1.tlog
e:\dropbox\projects\cs 213 project\passwordmanager\passwordmanager\x64\release\passwordmanager.tlog\metagen.write.1.tlog
e:\dropbox\projects\cs 213 project\passwordmanager\passwordmanager\x64\release\passwordmanager.tlog\passwordmanager.write.1u.tlog
e:\dropbox\projects\cs 213 project\passwordmanager\passwordmanager\x64\release\passwordmanager.tlog\tzres.dll.bi
